#
# COMMUNICATION CONTROLLER IP
#
../../../rtl/spec_commsctrl/rtl/fofb_cc_pkg/rtl/vhdl/fofb_cc_version.vhd
../../../rtl/spec_commsctrl/rtl/fofb_cc_pkg/rtl/vhdl/fofb_cc_pkg.vhd

../../../rtl/spec_commsctrl/rtl/fofb_cc_dpbram/rtl/vhdl/fofb_cc_sdpbram.vhd
../../../rtl/spec_commsctrl/rtl/fofb_cc_dpbram/rtl/vhdl/fofb_cc_dpbram.vhd
../../../rtl/spec_commsctrl/rtl/fofb_cc_sync/rtl/vhdl/fofb_cc_p2p.vhd
../../../rtl/spec_commsctrl/rtl/fofb_cc_sync/rtl/vhdl/fofb_cc_syncff.vhd
../../../rtl/spec_commsctrl/rtl/fofb_cc_sync/rtl/vhdl/fofb_cc_syncdmux.vhd

../../../rtl/spec_commsctrl/rtl/fofb_cc_rx_fifo/rtl/vhdl/fofb_cc_rx_buffer.vhd
../../../rtl/spec_commsctrl/rtl/fofb_cc_tx_fifo/rtl/vhdl/fofb_cc_tx_buffer.vhd

../../../rtl/spec_commsctrl/rtl/fofb_cc_arbmux/rtl/vhdl/fofb_cc_arbmux.vhd
../../../rtl/spec_commsctrl/rtl/fofb_cc_cfg_if/rtl/vhdl/fofb_cc_cfg_if.vhd
../../../rtl/spec_commsctrl/rtl/fofb_cc_fa_if/rtl/vhdl/fofb_cc_fa_if_bram.vhd
../../../rtl/spec_commsctrl/rtl/fofb_cc_fa_if/rtl/vhdl/fofb_cc_fa_if.vhd
../../../rtl/spec_commsctrl/rtl/fofb_cc_fod/rtl/vhdl/fofb_cc_fod.vhd
../../../rtl/spec_commsctrl/rtl/fofb_cc_frame_cntrl/rtl/vhdl/fofb_cc_frame_cntrl.vhd
../../../rtl/spec_commsctrl/rtl/fofb_cc_gtpa_if/rtl/vhdl/fofb_cc_gtpa_crc32.vhd
../../../rtl/spec_commsctrl/rtl/fofb_cc_gtpa_if/rtl/vhdl/fofb_cc_gtpa_rxcrc.vhd
../../../rtl/spec_commsctrl/rtl/fofb_cc_gtpa_if/rtl/vhdl/fofb_cc_gtpa_txcrc.vhd
../../../rtl/spec_commsctrl/rtl/fofb_cc_gtpa_if/rtl/vhdl/fofb_cc_gtpa_tx_ll.vhd
../../../rtl/spec_commsctrl/rtl/fofb_cc_gtpa_if/rtl/vhdl/fofb_cc_gtpa_rx_ll.vhd
../../../rtl/spec_commsctrl/rtl/fofb_cc_gtpa_if/rtl/vhdl/fofb_cc_gtpa_lane.vhd
../../../rtl/spec_commsctrl/rtl/fofb_cc_gtpa_if/rtl/vhdl/fofb_cc_gtpa_tile.vhd
../../../rtl/spec_commsctrl/rtl/fofb_cc_gtpa_if/rtl/vhdl/fofb_cc_gt_if.vhd
../../../rtl/spec_commsctrl/rtl/fofb_cc_top/rtl/vhdl/fofb_cc_fifo_rst.vhd
../../../rtl/spec_commsctrl/rtl/fofb_cc_clk_if/rtl/vhdl/fofb_cc_s6_clk_if.vhd
../../../rtl/spec_commsctrl/rtl/fofb_cc_top/rtl/vhdl/fofb_cc_puls_exp.vhd

../../../rtl/spec_commsctrl/rtl/fofb_cc_rx_fifo/coregen/spartan6/fofb_cc_rx_fifo.vhd
../../../rtl/spec_commsctrl/rtl/fofb_cc_tx_fifo/coregen/spartan6/fofb_cc_tx_fifo.vhd

../../../rtl/spec_commsctrl/rtl/fofb_cc_top/rtl/vhdl/fofb_cc_top.vhd

